[2025-12-10T11:54:23.446Z] Email: finalcheck@voco.ee, Token: b2615d8d-ab26-4bc9-bb36-3ad9cfa23579, URL: http://localhost:5173/verify?token=b2615d8d-ab26-4bc9-bb36-3ad9cfa23579
[2025-12-10T11:55:43.548Z] Email: finalcheck2@voco.ee, Token: a531e8cc-9360-4df1-83b6-c6d2e5eb1522, URL: http://localhost:5173/verify?token=a531e8cc-9360-4df1-83b6-c6d2e5eb1522
[2025-12-10T11:56:25.595Z] Email: cleantest3@voco.ee, Token: 354f03ca-6af6-4f5a-bcc9-585c3d2ba3da, URL: http://localhost:5173/verify?token=354f03ca-6af6-4f5a-bcc9-585c3d2ba3da
[2025-12-10T11:57:48.374Z] Email: jarl-ivor.burget@voco.ee, Token: 2a6a5c86-fc37-4760-a3ec-f8affd1baa65, URL: http://localhost:5173/verify?token=2a6a5c86-fc37-4760-a3ec-f8affd1baa65
[2025-12-10T12:11:00.248Z] Email: testrunning@voco.ee, Token: 8a88ee6f-13be-4440-b439-0736178ac452, URL: http://localhost:5173/verify?token=8a88ee6f-13be-4440-b439-0736178ac452
[2025-12-10T12:13:10.545Z] Email: jarl-ivor.burget@voco.ee, Token: efb88153-21cf-4328-8272-ff5391d44dbb, URL: http://localhost:5173/verify?token=efb88153-21cf-4328-8272-ff5391d44dbb
[2025-12-10T12:31:14.961Z] Email: jarl-ivor.burget@voco.ee, Token: 147f2dba-94a6-4275-829c-b84d10d8ea09, URL: http://localhost:5173/verify?token=147f2dba-94a6-4275-829c-b84d10d8ea09
[2025-12-10T12:46:05.894Z] Email: jarl-ivor.burget@voco.ee, Token: df8fbb81-4fc7-4589-88d6-b231e7a8e858, URL: http://localhost:5173/verify?token=df8fbb81-4fc7-4589-88d6-b231e7a8e858
[2025-12-10T12:55:16.160Z] Email: livetest@voco.ee, Token: bce7f890-196d-4af2-961d-4d281b7a3faf, URL: http://localhost:5173/verify?token=bce7f890-196d-4af2-961d-4d281b7a3faf
[2025-12-10T12:56:33.500Z] Email: jarl-ivor.burget@voco.ee, Token: f8c36c76-fe45-4679-bedd-ba8940248597, URL: http://localhost:5173/verify?token=f8c36c76-fe45-4679-bedd-ba8940248597
[2025-12-10T14:34:55.209Z] Email: jarl-ivor.burget@voco.ee, Token: 0a3b611c-ef20-4add-9585-04c21bb5b90d, URL: http://localhost:5173/verify?token=0a3b611c-ef20-4add-9585-04c21bb5b90d
[2025-12-10T14:37:35.830Z] Email: jarl.burget+deliver1765377455@gmail.com, Token: 131de4b0-77d6-454c-bb85-53d4b1c355d9, URL: http://localhost:5173/verify?token=131de4b0-77d6-454c-bb85-53d4b1c355d9
[2025-12-10T14:38:33.638Z] Email: jarl-ivor.burget@voco.ee, Token: 7468ce2b-5ee4-4427-a536-a290bb2a32db, URL: http://localhost:5173/verify?token=7468ce2b-5ee4-4427-a536-a290bb2a32db
[2025-12-10T14:44:14.076Z] Email: realuser1765377853@example.com, Token: 69883498-d8f8-4329-874c-f4571eea35a3, URL: http://localhost:5173/verify?token=69883498-d8f8-4329-874c-f4571eea35a3
[2025-12-10T14:48:31.350Z] Email: jarl-ivor.burget@voco.ee, Token: 3040f626-ec60-4599-a1bc-9458a9abeda4, URL: http://localhost:5173/verify?token=3040f626-ec60-4599-a1bc-9458a9abeda4
[2025-12-10T14:59:06.035Z] Email: jarl-ivor.burget@voco.ee, Token: f7a942a4-61cf-4742-b1b9-3b9adfa095ca, URL: http://localhost:5173/verify?token=f7a942a4-61cf-4742-b1b9-3b9adfa095ca
[2025-12-10T15:12:29.099Z] Email: jarl-ivor.burget@voco.ee, Token: 419a70a9-6b33-468a-af34-234a505da603, URL: http://localhost:5173/verify?token=419a70a9-6b33-468a-af34-234a505da603
[2025-12-10T15:17:43.300Z] Email: testfix@voco.ee, Token: 71108af2-6949-4b45-9447-deb6e048e9d8, URL: http://localhost:5173/verify?token=71108af2-6949-4b45-9447-deb6e048e9d8
[2025-12-10T15:17:52.201Z] Email: verifyfixtest@voco.ee, Token: ac652234-e460-4c32-9dc3-eb407360965c, URL: http://localhost:5173/verify?token=ac652234-e460-4c32-9dc3-eb407360965c
[2025-12-10T15:18:57.652Z] Email: jarl-ivor.burget@voco.ee, Token: 4795701a-93e3-4a0f-b3d8-bb873ec2b782, URL: http://localhost:5173/verify?token=4795701a-93e3-4a0f-b3d8-bb873ec2b782
[2025-12-10T15:19:53.508Z] Email: jarl-ivor.burget@voco.ee, Token: 2f698917-4393-4037-bb89-a334fab1626c, URL: http://localhost:5173/verify?token=2f698917-4393-4037-bb89-a334fab1626c
[2025-12-10T17:09:02.253Z] Email: jarl-ivor.burget@voco.ee, Token: 83b44bd1-1a4d-4392-a8f3-0ebb735af9ac, URL: http://localhost:5173/verify?token=83b44bd1-1a4d-4392-a8f3-0ebb735af9ac
